<?xml version="1.0" encoding="UTF-8"?>
<testng-results skipped="0" failed="1" ignored="0" total="1" passed="0">
  <reporter-output>
  </reporter-output>
  <suite name="Default suite" duration-ms="19902" started-at="2018-06-02T08:13:50Z" finished-at="2018-06-02T08:14:10Z">
    <groups>
    </groups>
    <test name="Default test" duration-ms="19902" started-at="2018-06-02T08:13:50Z" finished-at="2018-06-02T08:14:10Z">
      <class name="Test1.testInstagram">
        <test-method status="PASS" signature="LaunchBrowser()[pri:0, instance:Test1.testInstagram@6093dd95]" name="LaunchBrowser" is-config="true" duration-ms="4284" started-at="2018-06-02T08:13:50Z" finished-at="2018-06-02T08:13:54Z">
          <reporter-output>
          </reporter-output>
        </test-method> <!-- LaunchBrowser -->
        <test-method status="FAIL" signature="TestInstagram()[pri:0, instance:Test1.testInstagram@6093dd95]" name="TestInstagram" duration-ms="14248" started-at="2018-06-02T08:13:54Z" finished-at="2018-06-02T08:14:08Z">
          <exception class="java.lang.AssertionError">
            <message>
              <![CDATA[expected [Instagram] but found [Instagram1]]]>
            </message>
            <full-stacktrace>
              <![CDATA[java.lang.AssertionError: expected [Instagram] but found [Instagram1]
at org.testng.Assert.fail(Assert.java:96)
at org.testng.Assert.failNotEquals(Assert.java:776)
at org.testng.Assert.assertEqualsImpl(Assert.java:137)
at org.testng.Assert.assertEquals(Assert.java:118)
at org.testng.Assert.assertEquals(Assert.java:453)
at org.testng.Assert.assertEquals(Assert.java:463)
at Test1.testInstagram.TestInstagram(testInstagram.java:28)
at sun.reflect.NativeMethodAccessorImpl.invoke0(Native Method)
at sun.reflect.NativeMethodAccessorImpl.invoke(NativeMethodAccessorImpl.java:62)
at sun.reflect.DelegatingMethodAccessorImpl.invoke(DelegatingMethodAccessorImpl.java:43)
at java.lang.reflect.Method.invoke(Method.java:498)
at org.testng.internal.MethodInvocationHelper.invokeMethod(MethodInvocationHelper.java:124)
at org.testng.internal.Invoker.invokeMethod(Invoker.java:580)
at org.testng.internal.Invoker.invokeTestMethod(Invoker.java:716)
at org.testng.internal.Invoker.invokeTestMethods(Invoker.java:988)
at org.testng.internal.TestMethodWorker.invokeTestMethods(TestMethodWorker.java:125)
at org.testng.internal.TestMethodWorker.run(TestMethodWorker.java:109)
at org.testng.TestRunner.privateRun(TestRunner.java:648)
at org.testng.TestRunner.run(TestRunner.java:505)
at org.testng.SuiteRunner.runTest(SuiteRunner.java:455)
at org.testng.SuiteRunner.runSequentially(SuiteRunner.java:450)
at org.testng.SuiteRunner.privateRun(SuiteRunner.java:415)
at org.testng.SuiteRunner.run(SuiteRunner.java:364)
at org.testng.SuiteRunnerWorker.runSuite(SuiteRunnerWorker.java:52)
at org.testng.SuiteRunnerWorker.run(SuiteRunnerWorker.java:84)
at org.testng.TestNG.runSuitesSequentially(TestNG.java:1208)
at org.testng.TestNG.runSuitesLocally(TestNG.java:1137)
at org.testng.TestNG.runSuites(TestNG.java:1049)
at org.testng.TestNG.run(TestNG.java:1017)
at org.testng.remote.AbstractRemoteTestNG.run(AbstractRemoteTestNG.java:114)
at org.testng.remote.RemoteTestNG.initAndRun(RemoteTestNG.java:251)
at org.testng.remote.RemoteTestNG.main(RemoteTestNG.java:77)
]]>
            </full-stacktrace>
          </exception> <!-- java.lang.AssertionError -->
          <reporter-output>
          </reporter-output>
        </test-method> <!-- TestInstagram -->
        <test-method status="PASS" signature="CloseBrowser(org.testng.ITestResult)[pri:0, instance:Test1.testInstagram@6093dd95]" name="CloseBrowser" is-config="true" duration-ms="1350" started-at="2018-06-02T08:14:08Z" finished-at="2018-06-02T08:14:10Z">
          <params>
            <param index="0">
              <value>
                <![CDATA[[TestResult name=TestInstagram status=FAILURE method=testInstagram.TestInstagram()[pri:0, instance:Test1.testInstagram@6093dd95] output={null}]]]>
              </value>
            </param>
          </params>
          <reporter-output>
          </reporter-output>
        </test-method> <!-- CloseBrowser -->
      </class> <!-- Test1.testInstagram -->
    </test> <!-- Default test -->
  </suite> <!-- Default suite -->
</testng-results>
