<?xml version="1.0" encoding="UTF-8"?>
<!-- Generated by org.testng.reporters.JUnitXMLReporter -->
<testsuite hostname="ADMINRG-J5B8G6T" ignored="0" name="Test" tests="4" failures="2" timestamp="03 Jun 2018 05:40:50 GMT" time="266.753" errors="0">
  <testcase name="FaceBookTest" time="109.908" classname="Test1.testFacebook"/>
  <testcase name="TestInstagram" time="34.793" classname="Test1.testInstagram">
    <failure type="java.lang.AssertionError" message="expected [Instagram] but found [Instagram1]">
      <![CDATA[java.lang.AssertionError: expected [Instagram] but found [Instagram1]
at Test1.testInstagram.TestInstagram(testInstagram.java:28)
... Removed 31 stack frames]]>
    </failure>
  </testcase> <!-- TestInstagram -->
  <testcase name="TestTwitter" time="40.823" classname="Test1.testTwitter">
    <failure type="java.lang.AssertionError" message="expected [] but found [Login on Twitter]">
      <![CDATA[java.lang.AssertionError: expected [] but found [Login on Twitter]
at Test1.testTwitter.TestTwitter(testTwitter.java:30)
... Removed 31 stack frames]]>
    </failure>
  </testcase> <!-- TestTwitter -->
  <testcase name="TestLinkedin" time="50.586" classname="Test1.testLinkedin"/>
</testsuite> <!-- Test -->
