<?xml version="1.0" encoding="UTF-8"?>
<!-- Generated by org.testng.reporters.JUnitXMLReporter -->
<testsuite hostname="ADMINRG-J5B8G6T" ignored="0" name="Test" tests="4" failures="2" timestamp="02 Jun 2018 07:59:03 GMT" time="82.142" errors="0">
  <testcase name="FaceBookTest" time="10.33" classname="Test1.testFacebook"/>
  <testcase name="TestInstagram" time="16.204" classname="Test1.testInstagram">
    <failure type="java.lang.AssertionError" message="expected [Instagram] but found [Instagram1]">
      <![CDATA[java.lang.AssertionError: expected [Instagram] but found [Instagram1]
at Test1.testInstagram.TestInstagram(testInstagram.java:28)
... Removed 31 stack frames]]>
    </failure>
  </testcase> <!-- TestInstagram -->
  <testcase name="TestTwitter" time="15.888" classname="Test1.testTwitter">
    <failure type="java.lang.AssertionError" message="expected [Login on Twitter] but found [Login on Twitter1]">
      <![CDATA[java.lang.AssertionError: expected [Login on Twitter] but found [Login on Twitter1]
at Test1.testTwitter.TestTwitter(testTwitter.java:30)
... Removed 31 stack frames]]>
    </failure>
  </testcase> <!-- TestTwitter -->
  <testcase name="TestLinkedin" time="21.334" classname="Test1.testLinkedin"/>
</testsuite> <!-- Test -->
