<?xml version="1.0" encoding="UTF-8"?>
<!-- Generated by org.testng.reporters.JUnitXMLReporter -->
<testsuite hostname="ADMINRG-J5B8G6T" ignored="0" name="Test" tests="4" failures="0" timestamp="02 Jun 2018 06:32:07 GMT" time="123.75" errors="0">
  <testcase name="FaceBookTest" time="17.547" classname="Test1.testFacebook"/>
  <testcase name="TestInstagram" time="15.274" classname="Test1.testInstagram"/>
  <testcase name="TestTwitter" time="28.191" classname="Test1.testTwitter"/>
  <testcase name="TestLinkedin" time="44.37" classname="Test1.testLinkedin"/>
</testsuite> <!-- Test -->
